#
# There is insufficient memory for the Java Runtime Environment to continue.
# Native memory allocation (mmap) failed to map 536870912 bytes for G1 virtual space
# Possible reasons:
#   The system is out of physical RAM or swap space
#   The process is running with CompressedOops enabled, and the Java Heap may be blocking the growth of the native heap
# Possible solutions:
#   Reduce memory load on the system
#   Increase physical memory or swap space
#   Check if swap backing store is full
#   Decrease Java heap size (-Xmx/-Xms)
#   Decrease number of Java threads
#   Decrease Java thread stack sizes (-Xss)
#   Set larger code cache with -XX:ReservedCodeCacheSize=
#   JVM is running with Zero Based Compressed Oops mode in which the Java heap is
#     placed in the first 32GB address space. The Java Heap base address is the
#     maximum limit for the native heap growth. Please use -XX:HeapBaseMinAddress
#     to set the Java Heap base and to place the Java Heap above 32GB virtual address.
# This output file may be truncated or incomplete.
#
#  Out of Memory Error (os_windows.cpp:3550), pid=48476, tid=49908
#
# JRE version:  (17.0.7+8) (build )
# Java VM: Java HotSpot(TM) 64-Bit Server VM (17.0.7+8-LTS-224, mixed mode, sharing, tiered, compressed oops, compressed class ptrs, g1 gc, windows-amd64)
# No core dump will be written. Minidumps are not enabled by default on client versions of Windows
#

---------------  S U M M A R Y ------------

Command Line: -Dorg.gradle.appname=gradlew org.gradle.wrapper.GradleWrapperMain -q -Ptarget-platform=android-x86 -Ptarget=E:\Devolop Work\argon-flutter-master\argon_flutter_master\lib\main.dart -Pbase-application-name=android.app.Application -Pdart-defines=RkxVVFRFUl9XRUJfQVVUT19ERVRFQ1Q9dHJ1ZQ==,RkxVVFRFUl9XRUJfQ0FOVkFTS0lUX1VSTD1odHRwczovL3d3dy5nc3RhdGljLmNvbS9mbHV0dGVyLWNhbnZhc2tpdC9jNGNkNDhlMTg2NDYwYjMyZDQ0NTg1Y2UzYzEwMzI3MWFiNjc2MzU1Lw== -Pdart-obfuscation=false -Ptrack-widget-creation=true -Ptree-shake-icons=false -Pfilesystem-scheme=org-dartlang-root assembleDebug

Host: Intel(R) Core(TM) i7-8550U CPU @ 1.80GHz, 8 cores, 31G,  Windows 11 , 64 bit Build 22621 (10.0.22621.3527)
Time: Mon May 27 04:15:30 2024 Egypt Daylight Time elapsed time: 0.016735 seconds (0d 0h 0m 0s)

---------------  T H R E A D  ---------------

Current thread (0x0000015e317e7940):  JavaThread "Unknown thread" [_thread_in_vm, id=49908, stack(0x0000001eba500000,0x0000001eba600000)]

Stack: [0x0000001eba500000,0x0000001eba600000]
Native frames: (J=compiled Java code, j=interpreted, Vv=VM code, C=native code)
V  [jvm.dll+0x676a4a]
V  [jvm.dll+0x7d74f4]
V  [jvm.dll+0x7d8c9e]
V  [jvm.dll+0x7d9303]
V  [jvm.dll+0x2452c5]
V  [jvm.dll+0x6738f9]
V  [jvm.dll+0x668232]
V  [jvm.dll+0x302826]
V  [jvm.dll+0x309da6]
V  [jvm.dll+0x35952e]
V  [jvm.dll+0x35975f]
V  [jvm.dll+0x2d9a38]
V  [jvm.dll+0x2da9a4]
V  [jvm.dll+0x7a8fb1]
V  [jvm.dll+0x3670e1]
V  [jvm.dll+0x788359]
V  [jvm.dll+0x3ea5ef]
V  [jvm.dll+0x3ec071]
C  [jli.dll+0x5297]
C  [ucrtbase.dll+0x29333]
C  [KERNEL32.DLL+0x1257d]
C  [ntdll.dll+0x5aa48]


---------------  P R O C E S S  ---------------

Threads class SMR info:
_java_thread_list=0x00007ffb9fb54998, length=0, elements={
}

Java Threads: ( => current thread )

Other Threads:
  0x0000015e318955d0 GCTaskThread "GC Thread#0" [stack: 0x0000001eba600000,0x0000001eba700000] [id=53576]
  0x0000015e318a6450 ConcurrentGCThread "G1 Main Marker" [stack: 0x0000001eba700000,0x0000001eba800000] [id=8504]
  0x0000015e318a6e60 ConcurrentGCThread "G1 Conc#0" [stack: 0x0000001eba800000,0x0000001eba900000] [id=27156]

[error occurred during error reporting (printing all threads), id 0xc0000005, EXCEPTION_ACCESS_VIOLATION (0xc0000005) at pc=0x00007ffb9f38a697]

VM state: not at safepoint (not fully initialized)

VM Mutex/Monitor currently owned by a thread:  ([mutex/lock_event])
[0x0000015e317e2f70] Heap_lock - owner thread: 0x0000015e317e7940

Heap address: 0x0000000601800000, size: 8168 MB, Compressed Oops mode: Zero based, Oop shift amount: 3

CDS archive(s) mapped at: [0x0000000000000000-0x0000000000000000-0x0000000000000000), size 0, SharedBaseAddress: 0x0000000800000000, ArchiveRelocationMode: 0.
Narrow klass base: 0x0000000000000000, Narrow klass shift: 0, Narrow klass range: 0x0

GC Precious Log:
<Empty>

Heap:
 garbage-first heap   total 0K, used 0K [0x0000000601800000, 0x0000000800000000)
  region size 4096K, 0 young (0K), 0 survivors (0K)

[error occurred during error reporting (printing heap information), id 0xc0000005, EXCEPTION_ACCESS_VIOLATION (0xc0000005) at pc=0x00007ffb9f7700b9]

GC Heap History (0 events):
No events

Deoptimization events (0 events):
No events

Classes unloaded (0 events):
No events

Classes redefined (0 events):
No events

Internal exceptions (0 events):
No events

VM Operations (0 events):
No events

Events (1 events):
Event: 0.012 Loaded shared library C:\Program Files\Java\jdk-17\bin\java.dll


Dynamic libraries:
0x00007ff7f4fe0000 - 0x00007ff7f4ff0000 	C:\Program Files\Java\jdk-17\bin\java.exe
0x00007ffc1d470000 - 0x00007ffc1d687000 	C:\Windows\SYSTEM32\ntdll.dll
0x00007ffc1c960000 - 0x00007ffc1ca24000 	C:\Windows\System32\KERNEL32.DLL
0x00007ffc1a790000 - 0x00007ffc1ab37000 	C:\Windows\System32\KERNELBASE.dll
0x00007ffc1ad90000 - 0x00007ffc1aea1000 	C:\Windows\System32\ucrtbase.dll
0x00007ffc007d0000 - 0x00007ffc007e9000 	C:\Program Files\Java\jdk-17\bin\jli.dll
0x00007ffc1c5e0000 - 0x00007ffc1c692000 	C:\Windows\System32\ADVAPI32.dll
0x00007ffc1bdd0000 - 0x00007ffc1be77000 	C:\Windows\System32\msvcrt.dll
0x00007ffc1d1a0000 - 0x00007ffc1d248000 	C:\Windows\System32\sechost.dll
0x00007ffc016d0000 - 0x00007ffc016eb000 	C:\Program Files\Java\jdk-17\bin\VCRUNTIME140.dll
0x00007ffc1af30000 - 0x00007ffc1af58000 	C:\Windows\System32\bcrypt.dll
0x00007ffc1bbf0000 - 0x00007ffc1bd05000 	C:\Windows\System32\RPCRT4.dll
0x00007ffc1c6a0000 - 0x00007ffc1c84e000 	C:\Windows\System32\USER32.dll
0x00007ffc1b170000 - 0x00007ffc1b196000 	C:\Windows\System32\win32u.dll
0x00007ffc04cc0000 - 0x00007ffc04f53000 	C:\Windows\WinSxS\amd64_microsoft.windows.common-controls_6595b64144ccf1df_6.0.22621.3527_none_270e469b73872a76\COMCTL32.dll
0x00007ffc1cb20000 - 0x00007ffc1cb49000 	C:\Windows\System32\GDI32.dll
0x00007ffc1ac70000 - 0x00007ffc1ad89000 	C:\Windows\System32\gdi32full.dll
0x00007ffc1af60000 - 0x00007ffc1affa000 	C:\Windows\System32\msvcp_win.dll
0x00007ffc0aaa0000 - 0x00007ffc0aaaa000 	C:\Windows\SYSTEM32\VERSION.dll
0x00007ffc1bd90000 - 0x00007ffc1bdc1000 	C:\Windows\System32\IMM32.DLL
0x00007ffc12b10000 - 0x00007ffc12b1c000 	C:\Program Files\Java\jdk-17\bin\vcruntime140_1.dll
0x00007ffbbc2d0000 - 0x00007ffbbc35e000 	C:\Program Files\Java\jdk-17\bin\msvcp140.dll
0x00007ffb9f0a0000 - 0x00007ffb9fc7d000 	C:\Program Files\Java\jdk-17\bin\server\jvm.dll
0x00007ffc1cee0000 - 0x00007ffc1cee8000 	C:\Windows\System32\PSAPI.DLL
0x00007ffc02770000 - 0x00007ffc02779000 	C:\Windows\SYSTEM32\WSOCK32.dll
0x00007ffc119b0000 - 0x00007ffc119e4000 	C:\Windows\SYSTEM32\WINMM.dll
0x00007ffc1bd10000 - 0x00007ffc1bd81000 	C:\Windows\System32\WS2_32.dll
0x00007ffc19860000 - 0x00007ffc19878000 	C:\Windows\SYSTEM32\kernel.appcore.dll
0x00007ffc126c0000 - 0x00007ffc126ca000 	C:\Program Files\Java\jdk-17\bin\jimage.dll
0x00007ffc18080000 - 0x00007ffc182b2000 	C:\Windows\SYSTEM32\DBGHELP.DLL
0x00007ffc1cb50000 - 0x00007ffc1ced8000 	C:\Windows\System32\combase.dll
0x00007ffc1c500000 - 0x00007ffc1c5d7000 	C:\Windows\System32\OLEAUT32.dll
0x00007ffc0a070000 - 0x00007ffc0a0a2000 	C:\Windows\SYSTEM32\dbgcore.DLL
0x00007ffc1aeb0000 - 0x00007ffc1af29000 	C:\Windows\System32\bcryptPrimitives.dll
0x00007ffbeddf0000 - 0x00007ffbede15000 	C:\Program Files\Java\jdk-17\bin\java.dll

dbghelp: loaded successfully - version: 4.0.5 - missing functions: none
symbol engine: initialized successfully - sym options: 0x614 - pdb path: .;C:\Program Files\Java\jdk-17\bin;C:\Windows\SYSTEM32;C:\Windows\WinSxS\amd64_microsoft.windows.common-controls_6595b64144ccf1df_6.0.22621.3527_none_270e469b73872a76;C:\Program Files\Java\jdk-17\bin\server

VM Arguments:
jvm_args: -Dorg.gradle.appname=gradlew 
java_command: org.gradle.wrapper.GradleWrapperMain -q -Ptarget-platform=android-x86 -Ptarget=E:\Devolop Work\argon-flutter-master\argon_flutter_master\lib\main.dart -Pbase-application-name=android.app.Application -Pdart-defines=RkxVVFRFUl9XRUJfQVVUT19ERVRFQ1Q9dHJ1ZQ==,RkxVVFRFUl9XRUJfQ0FOVkFTS0lUX1VSTD1odHRwczovL3d3dy5nc3RhdGljLmNvbS9mbHV0dGVyLWNhbnZhc2tpdC9jNGNkNDhlMTg2NDYwYjMyZDQ0NTg1Y2UzYzEwMzI3MWFiNjc2MzU1Lw== -Pdart-obfuscation=false -Ptrack-widget-creation=true -Ptree-shake-icons=false -Pfilesystem-scheme=org-dartlang-root assembleDebug
java_class_path (initial): E:\Devolop Work\argon-flutter-master\argon_flutter_master\android\\gradle\wrapper\gradle-wrapper.jar
Launcher Type: SUN_STANDARD

[Global flags]
     intx CICompilerCount                          = 4                                         {product} {ergonomic}
     uint ConcGCThreads                            = 2                                         {product} {ergonomic}
     uint G1ConcRefinementThreads                  = 8                                         {product} {ergonomic}
   size_t G1HeapRegionSize                         = 4194304                                   {product} {ergonomic}
    uintx GCDrainStackTargetSize                   = 64                                        {product} {ergonomic}
   size_t InitialHeapSize                          = 536870912                                 {product} {ergonomic}
   size_t MarkStackSize                            = 4194304                                   {product} {ergonomic}
   size_t MaxHeapSize                              = 8564768768                                {product} {ergonomic}
   size_t MinHeapDeltaBytes                        = 4194304                                   {product} {ergonomic}
   size_t MinHeapSize                              = 8388608                                   {product} {ergonomic}
    uintx NonNMethodCodeHeapSize                   = 5839372                                {pd product} {ergonomic}
    uintx NonProfiledCodeHeapSize                  = 122909434                              {pd product} {ergonomic}
    uintx ProfiledCodeHeapSize                     = 122909434                              {pd product} {ergonomic}
    uintx ReservedCodeCacheSize                    = 251658240                              {pd product} {ergonomic}
     bool SegmentedCodeCache                       = true                                      {product} {ergonomic}
   size_t SoftMaxHeapSize                          = 8564768768                             {manageable} {ergonomic}
     bool UseCompressedClassPointers               = true                           {product lp64_product} {ergonomic}
     bool UseCompressedOops                        = true                           {product lp64_product} {ergonomic}
     bool UseG1GC                                  = true                                      {product} {ergonomic}
     bool UseLargePagesIndividualAllocation        = false                                  {pd product} {ergonomic}

Logging:
Log output configuration:
 #0: stdout all=warning uptime,level,tags
 #1: stderr all=off uptime,level,tags

Environment Variables:
JAVA_HOME=C:\Program Files\Java\jdk-17
CLASSPATH=E:\Devolop Work\argon-flutter-master\argon_flutter_master\android\\gradle\wrapper\gradle-wrapper.jar
PATH=C:\Program Files\Java\jdk-17\bin;C:\Program Files\Common Files\Oracle\Java\javapath;C:\Program Files\Python311\Scripts\;C:\Program Files\Python311\;C:\Windows\system32;C:\Windows;C:\Windows\System32\Wbem;C:\Windows\System32\WindowsPowerShell\v1.0\;C:\Windows\System32\OpenSSH\;C:\Program Files\Microsoft SQL Server\Client SDK\ODBC\170\Tools\Binn\;C:\Program Files (x86)\Microsoft SQL Server\150\Tools\Binn\;C:\Program Files\Microsoft SQL Server\150\Tools\Binn\;C:\Program Files\Microsoft SQL Server\150\DTS\Binn\;C:\Program Files\dotnet\;C:\Program Files (x86)\Microsoft SQL Server\150\DTS\Binn\;C:\Program Files\Azure Data Studio\bin;C:\Program Files\nodejs\;C:\ProgramData\chocolatey\bin;C:\xampp\php;C:\composer;C:\Users\pc\AppData\Local\Pub\Cache\bin;C:\Program Files\Docker\Docker\resources\bin;C:\Program Files\PuTTY\;C:\Program Files (x86)\WinSCP\;C:\Program Files\Microsoft SQL Server\110\Tools\Binn\;C:\Users\pc\.dnx\bin;C:\Program Files\Microsoft DNX\Dnvm\;C:\Program Files\Microsoft SQL Server\120\Tools\Binn\;C:\Program Files\Microsoft SQL Server\130\Tools\Binn\;C:\Program Files\Git\cmd;C:\Users\pc\AppData\Local\Microsoft\WindowsApps;C:\Program Files\Azure Data Studio\bin;C:\Users\pc\AppData\Local\Programs\Microsoft VS Code\bin;C:\Users\pc\AppData\Local\GitHubDesktop\bin;C:\Users\pc\AppData\Roaming\npm;C:\src\flutter\bin;C:\Users\pc\AppData\Roaming\Composer\vendor\bin;C:\Users\pc\AppData\Local\Pub\Cache\bin;C:\Users\pc\.dotnet\tools;C:\Program Files\JetBrains\PyCharm 2024.1.1\bin;;C:\src\flutter\bin\mingit\cmd;C:\src\flutter\bin\mingit\cmd
USERNAME=pc
OS=Windows_NT
PROCESSOR_IDENTIFIER=Intel64 Family 6 Model 142 Stepping 10, GenuineIntel



---------------  S Y S T E M  ---------------

OS:
 Windows 11 , 64 bit Build 22621 (10.0.22621.3527)
OS uptime: 8 days 11:53 hours
Hyper-V role detected

CPU: total 8 (initial active 8) (4 cores per cpu, 2 threads per core) family 6 model 142 stepping 10 microcode 0xf0, cx8, cmov, fxsr, ht, mmx, 3dnowpref, sse, sse2, sse3, ssse3, sse4.1, sse4.2, popcnt, lzcnt, tsc, tscinvbit, avx, avx2, aes, erms, clmul, bmi1, bmi2, adx, fma, vzeroupper, clflush, clflushopt, hv

Memory: 4k page, system-wide physical 32665M (2910M free)
TotalPageFile size 57664M (AvailPageFile size 90M)
current process WorkingSet (physical memory assigned to process): 11M, peak: 11M
current process commit charge ("private bytes"): 60M, peak: 572M

vm_info: Java HotSpot(TM) 64-Bit Server VM (17.0.7+8-LTS-224) for windows-amd64 JRE (17.0.7+8-LTS-224), built on Feb 28 2023 23:03:02 by "mach5one" with MS VC++ 17.1 (VS2022)

END.
